<?xml version="1.0" encoding="UTF-8"?>
<!-- Generated by org.testng.reporters.JUnitXMLReporter -->
<testsuite ignored="0" hostname="DESKTOP-ELR5HNC" failures="0" tests="3" name="Surefire test" time="22.367" errors="0" timestamp="2024-03-22T22:16:32 IST">
  <testcase classname="testcases.LoginTest" name="test_EnterUser" time="0.548"/>
  <testcase classname="testcases.LoginTest" name="test_EnterPassword" time="0.174"/>
  <testcase classname="testcases.LoginTest" name="test_Login" time="2.019"/>
</testsuite> <!-- Surefire test -->
