<?xml version="1.0" encoding="UTF-8"?>
<!-- Generated by org.testng.reporters.JUnitXMLReporter -->
<testsuite ignored="0" hostname="DESKTOP-ELR5HNC" failures="0" tests="3" name="Test" time="74.618" errors="0" timestamp="2024-03-19T20:17:35 IST">
  <testcase classname="testcases.LoginTest" name="test_EnterUser" time="2.802"/>
  <testcase classname="testcases.LoginTest" name="test_EnterPassword" time="0.305"/>
  <testcase classname="testcases.LoginTest" name="test_Login" time="8.439"/>
</testsuite> <!-- Test -->
