<?xml version="1.0" encoding="UTF-8"?>
<!-- Generated by org.testng.reporters.JUnitXMLReporter -->
<testsuite ignored="0" hostname="DESKTOP-ELR5HNC" failures="0" tests="3" name="Test" time="49.81" errors="0" timestamp="2024-03-19T16:20:14 IST">
  <testcase classname="testcases.LoginTest" name="test_EnterUser" time="1.36"/>
  <testcase classname="testcases.LoginTest" name="test_EnterPassword" time="0.156"/>
  <testcase classname="testcases.LoginTest" name="test_Login" time="3.414"/>
</testsuite> <!-- Test -->
