<?xml version="1.0" encoding="UTF-8"?>
<testng-results ignored="0" total="3" passed="3" failed="0" skipped="0">
  <reporter-output>
  </reporter-output>
  <suite started-at="2024-03-19T16:20:55 IST" name="Surefire suite" finished-at="2024-03-19T16:21:36 IST" duration-ms="40573">
    <groups>
    </groups>
    <test started-at="2024-03-19T16:20:55 IST" name="Surefire test" finished-at="2024-03-19T16:21:36 IST" duration-ms="40573">
      <class name="testcases.LoginTest">
        <test-method is-config="true" signature="setup()[pri:0, instance:testcases.LoginTest@3c130745]" started-at="2024-03-19T16:20:55 IST" name="setup" finished-at="2024-03-19T16:21:32 IST" duration-ms="37168" status="PASS">
          <reporter-output>
          </reporter-output>
        </test-method> <!-- setup -->
        <test-method signature="test_EnterUser()[pri:1, instance:testcases.LoginTest@3c130745]" started-at="2024-03-19T16:21:32 IST" name="test_EnterUser" finished-at="2024-03-19T16:21:33 IST" duration-ms="397" status="PASS">
          <reporter-output>
          </reporter-output>
        </test-method> <!-- test_EnterUser -->
        <test-method signature="test_EnterPassword()[pri:2, instance:testcases.LoginTest@3c130745]" started-at="2024-03-19T16:21:33 IST" name="test_EnterPassword" finished-at="2024-03-19T16:21:33 IST" duration-ms="498" status="PASS">
          <reporter-output>
          </reporter-output>
        </test-method> <!-- test_EnterPassword -->
        <test-method signature="test_Login()[pri:3, instance:testcases.LoginTest@3c130745]" started-at="2024-03-19T16:21:33 IST" name="test_Login" finished-at="2024-03-19T16:21:35 IST" duration-ms="1599" status="PASS">
          <reporter-output>
          </reporter-output>
        </test-method> <!-- test_Login -->
        <test-method is-config="true" signature="teardown()[pri:0, instance:testcases.LoginTest@3c130745]" started-at="2024-03-19T16:21:35 IST" name="teardown" finished-at="2024-03-19T16:21:36 IST" duration-ms="823" status="PASS">
          <reporter-output>
          </reporter-output>
        </test-method> <!-- teardown -->
      </class> <!-- testcases.LoginTest -->
    </test> <!-- Surefire test -->
  </suite> <!-- Surefire suite -->
</testng-results>
