<?xml version="1.0" encoding="UTF-8"?>
<testng-results ignored="0" total="3" passed="3" failed="0" skipped="0">
  <reporter-output>
  </reporter-output>
  <suite started-at="2024-03-22T22:16:10 IST" name="Surefire suite" finished-at="2024-03-22T22:16:32 IST" duration-ms="22367">
    <groups>
    </groups>
    <test started-at="2024-03-22T22:16:10 IST" name="Surefire test" finished-at="2024-03-22T22:16:32 IST" duration-ms="22367">
      <class name="testcases.LoginTest">
        <test-method is-config="true" signature="setup()[pri:0, instance:testcases.LoginTest@7a69b07]" started-at="2024-03-22T22:16:10 IST" name="setup" finished-at="2024-03-22T22:16:27 IST" duration-ms="17592" status="PASS">
          <reporter-output>
          </reporter-output>
        </test-method> <!-- setup -->
        <test-method signature="test_EnterUser()[pri:1, instance:testcases.LoginTest@7a69b07]" started-at="2024-03-22T22:16:27 IST" name="test_EnterUser" finished-at="2024-03-22T22:16:28 IST" duration-ms="548" status="PASS">
          <reporter-output>
          </reporter-output>
        </test-method> <!-- test_EnterUser -->
        <test-method signature="test_EnterPassword()[pri:2, instance:testcases.LoginTest@7a69b07]" started-at="2024-03-22T22:16:28 IST" name="test_EnterPassword" finished-at="2024-03-22T22:16:28 IST" duration-ms="174" status="PASS">
          <reporter-output>
          </reporter-output>
        </test-method> <!-- test_EnterPassword -->
        <test-method signature="test_Login()[pri:3, instance:testcases.LoginTest@7a69b07]" started-at="2024-03-22T22:16:28 IST" name="test_Login" finished-at="2024-03-22T22:16:30 IST" duration-ms="2019" status="PASS">
          <reporter-output>
          </reporter-output>
        </test-method> <!-- test_Login -->
        <test-method is-config="true" signature="teardown()[pri:0, instance:testcases.LoginTest@7a69b07]" started-at="2024-03-22T22:16:30 IST" name="teardown" finished-at="2024-03-22T22:16:32 IST" duration-ms="1944" status="PASS">
          <reporter-output>
          </reporter-output>
        </test-method> <!-- teardown -->
      </class> <!-- testcases.LoginTest -->
    </test> <!-- Surefire test -->
  </suite> <!-- Surefire suite -->
</testng-results>
