<?xml version="1.0" encoding="UTF-8"?>
<testng-results ignored="0" total="3" passed="3" failed="0" skipped="0">
  <reporter-output>
  </reporter-output>
  <suite started-at="2024-03-19T20:16:20 IST" name="Suite" finished-at="2024-03-19T20:17:35 IST" duration-ms="74618">
    <groups>
    </groups>
    <test started-at="2024-03-19T20:16:20 IST" name="Test" finished-at="2024-03-19T20:17:35 IST" duration-ms="74618">
      <class name="testcases.LoginTest">
        <test-method is-config="true" signature="setup()[pri:0, instance:testcases.LoginTest@6a78afa0]" started-at="2024-03-19T20:16:20 IST" name="setup" finished-at="2024-03-19T20:17:17 IST" duration-ms="56598" status="PASS">
          <reporter-output>
          </reporter-output>
        </test-method> <!-- setup -->
        <test-method signature="test_EnterUser()[pri:1, instance:testcases.LoginTest@6a78afa0]" started-at="2024-03-19T20:17:17 IST" name="test_EnterUser" finished-at="2024-03-19T20:17:20 IST" duration-ms="2802" status="PASS">
          <reporter-output>
          </reporter-output>
        </test-method> <!-- test_EnterUser -->
        <test-method signature="test_EnterPassword()[pri:2, instance:testcases.LoginTest@6a78afa0]" started-at="2024-03-19T20:17:20 IST" name="test_EnterPassword" finished-at="2024-03-19T20:17:20 IST" duration-ms="305" status="PASS">
          <reporter-output>
          </reporter-output>
        </test-method> <!-- test_EnterPassword -->
        <test-method signature="test_Login()[pri:3, instance:testcases.LoginTest@6a78afa0]" started-at="2024-03-19T20:17:20 IST" name="test_Login" finished-at="2024-03-19T20:17:28 IST" duration-ms="8439" status="PASS">
          <reporter-output>
          </reporter-output>
        </test-method> <!-- test_Login -->
        <test-method is-config="true" signature="teardown()[pri:0, instance:testcases.LoginTest@6a78afa0]" started-at="2024-03-19T20:17:28 IST" name="teardown" finished-at="2024-03-19T20:17:35 IST" duration-ms="6292" status="PASS">
          <reporter-output>
          </reporter-output>
        </test-method> <!-- teardown -->
      </class> <!-- testcases.LoginTest -->
    </test> <!-- Test -->
  </suite> <!-- Suite -->
</testng-results>
