<?xml version="1.0" encoding="UTF-8"?>
<testng-results ignored="0" total="3" passed="3" failed="0" skipped="0">
  <reporter-output>
  </reporter-output>
  <suite started-at="2024-03-19T16:19:24 IST" name="Suite" finished-at="2024-03-19T16:20:14 IST" duration-ms="49810">
    <groups>
    </groups>
    <test started-at="2024-03-19T16:19:24 IST" name="Test" finished-at="2024-03-19T16:20:14 IST" duration-ms="49810">
      <class name="testcases.LoginTest">
        <test-method is-config="true" signature="setup()[pri:0, instance:testcases.LoginTest@3b69e7d1]" started-at="2024-03-19T16:19:24 IST" name="setup" finished-at="2024-03-19T16:20:06 IST" duration-ms="41663" status="PASS">
          <reporter-output>
          </reporter-output>
        </test-method> <!-- setup -->
        <test-method signature="test_EnterUser()[pri:1, instance:testcases.LoginTest@3b69e7d1]" started-at="2024-03-19T16:20:06 IST" name="test_EnterUser" finished-at="2024-03-19T16:20:07 IST" duration-ms="1360" status="PASS">
          <reporter-output>
          </reporter-output>
        </test-method> <!-- test_EnterUser -->
        <test-method signature="test_EnterPassword()[pri:2, instance:testcases.LoginTest@3b69e7d1]" started-at="2024-03-19T16:20:08 IST" name="test_EnterPassword" finished-at="2024-03-19T16:20:08 IST" duration-ms="156" status="PASS">
          <reporter-output>
          </reporter-output>
        </test-method> <!-- test_EnterPassword -->
        <test-method signature="test_Login()[pri:3, instance:testcases.LoginTest@3b69e7d1]" started-at="2024-03-19T16:20:08 IST" name="test_Login" finished-at="2024-03-19T16:20:11 IST" duration-ms="3414" status="PASS">
          <reporter-output>
          </reporter-output>
        </test-method> <!-- test_Login -->
        <test-method is-config="true" signature="teardown()[pri:0, instance:testcases.LoginTest@3b69e7d1]" started-at="2024-03-19T16:20:11 IST" name="teardown" finished-at="2024-03-19T16:20:14 IST" duration-ms="2744" status="PASS">
          <reporter-output>
          </reporter-output>
        </test-method> <!-- teardown -->
      </class> <!-- testcases.LoginTest -->
    </test> <!-- Test -->
  </suite> <!-- Suite -->
</testng-results>
